<?xml version="1.0" encoding="UTF-8"?>
<!-- Generated by org.testng.reporters.JUnitReportReporter -->
<testsuite hostname="DESKTOP-3QGV6GM" failures="0" tests="1" name="com.mystore.pageobject.Testdmo" time="0.034" errors="0" timestamp="2022-07-19T12:28:04 IST" skipped="0">
  <testcase classname="com.mystore.pageobject.Testdmo" name="method" time="0.034"/>
  <system-out/>
</testsuite> <!-- com.mystore.pageobject.Testdmo -->
